{
  "RSpec": {
    "coverage": {
      "/Users/Pan_Maciej/testing/test_project/spec/models/post_spec.rb": [
        1,
        null,
        1,
        4,
        null,
        1,
        1,
        1,
        1,
        null,
        null,
        1,
        1,
        1,
        null,
        null,
        1,
        1,
        1,
        null,
        null
      ],
      "/Users/Pan_Maciej/testing/test_project/spec/rails_helper.rb": [
        1,
        1,
        null,
        null,
        1,
        1,
        1,
        null,
        1,
        1,
        null,
        null,
        null,
        null,
        null,
        null,
        null,
        null,
        null,
        null,
        null,
        null,
        null,
        null,
        null,
        null,
        null,
        null,
        null,
        1,
        1,
        null,
        0,
        0,
        null,
        1,
        null,
        1,
        null,
        null,
        null,
        null,
        1,
        null,
        null,
        null,
        null,
        null,
        null,
        null,
        null,
        null,
        null,
        null,
        null,
        null,
        null,
        1,
        null,
        null,
        1,
        null,
        null,
        null
      ],
      "/Users/Pan_Maciej/testing/test_project/config/environment.rb": [
        null,
        1,
        null,
        null,
        1
      ],
      "/Users/Pan_Maciej/testing/test_project/config/application.rb": [
        1,
        null,
        1,
        null,
        null,
        null,
        1,
        null,
        1,
        1,
        null,
        1,
        null,
        null,
        null,
        null,
        null,
        null,
        null
      ],
      "/Users/Pan_Maciej/testing/test_project/config/boot.rb": [
        1,
        null,
        1,
        1
      ],
      "/Users/Pan_Maciej/testing/test_project/config/environments/test.rb": [
        1,
        null,
        null,
        null,
        null,
        null,
        null,
        1,
        null,
        null,
        null,
        null,
        1,
        null,
        null,
        1,
        1,
        null,
        null,
        null,
        null,
        1,
        1,
        null,
        null,
        1,
        null,
        null,
        1,
        null,
        null,
        1,
        null,
        1,
        null,
        null,
        null,
        null,
        1,
        null,
        null,
        1,
        null,
        null,
        null,
        null
      ],
      "/Users/Pan_Maciej/testing/test_project/config/initializers/application_controller_renderer.rb": [
        null,
        null,
        null,
        null,
        null,
        null,
        null,
        null
      ],
      "/Users/Pan_Maciej/testing/test_project/config/initializers/assets.rb": [
        null,
        null,
        null,
        1,
        null,
        null,
        null,
        null,
        1,
        null,
        null,
        null,
        null,
        null
      ],
      "/Users/Pan_Maciej/testing/test_project/config/initializers/backtrace_silencers.rb": [
        null,
        null,
        null,
        null,
        null,
        null,
        null
      ],
      "/Users/Pan_Maciej/testing/test_project/config/initializers/content_security_policy.rb": [
        null,
        null,
        null,
        null,
        null,
        null,
        null,
        null,
        null,
        null,
        null,
        null,
        null,
        null,
        null,
        null,
        null,
        null,
        null,
        null,
        null,
        null,
        null,
        null,
        null
      ],
      "/Users/Pan_Maciej/testing/test_project/config/initializers/cookies_serializer.rb": [
        null,
        null,
        null,
        null,
        1
      ],
      "/Users/Pan_Maciej/testing/test_project/config/initializers/filter_parameter_logging.rb": [
        null,
        null,
        null,
        1
      ],
      "/Users/Pan_Maciej/testing/test_project/config/initializers/inflections.rb": [
        null,
        null,
        null,
        null,
        null,
        null,
        null,
        null,
        null,
        null,
        null,
        null,
        null,
        null,
        null,
        null
      ],
      "/Users/Pan_Maciej/testing/test_project/config/initializers/mime_types.rb": [
        null,
        null,
        null,
        null
      ],
      "/Users/Pan_Maciej/testing/test_project/config/initializers/wrap_parameters.rb": [
        null,
        null,
        null,
        null,
        null,
        null,
        1,
        2,
        null,
        null,
        null,
        null,
        null,
        null
      ],
      "/Users/Pan_Maciej/testing/test_project/config/routes.rb": [
        null,
        null,
        1,
        1,
        null,
        1,
        1,
        null,
        null
      ],
      "/Users/Pan_Maciej/testing/test_project/app/helpers/application_helper.rb": [
        1,
        1,
        0,
        null,
        null
      ],
      "/Users/Pan_Maciej/testing/test_project/app/helpers/comments_helper.rb": [
        1,
        null
      ],
      "/Users/Pan_Maciej/testing/test_project/app/helpers/posts_helper.rb": [
        1,
        null
      ],
      "/Users/Pan_Maciej/testing/test_project/app/helpers/welcome_helper.rb": [
        1,
        null
      ],
      "/Users/Pan_Maciej/testing/test_project/app/models/post.rb": [
        null,
        null,
        1,
        1,
        1,
        null,
        1,
        null
      ],
      "/Users/Pan_Maciej/testing/test_project/app/models/application_record.rb": [
        1,
        1,
        null
      ]
    },
    "timestamp": 1537182882
  }
}
